{
  "RSpec": {
    "coverage": {
      "/Users/vvikram/Dev/battleship/app/helpers/application_helper.rb": [
        1,
        null
      ],
      "/Users/vvikram/Dev/battleship/app/helpers/home_helper.rb": [
        1,
        null
      ],
      "/Users/vvikram/Dev/battleship/app/controllers/home_controller.rb": [
        1,
        1,
        null,
        null,
        1,
        5,
        5,
        3,
        3,
        3,
        null,
        3,
        3,
        3,
        1,
        1,
        null,
        4,
        4,
        4,
        null,
        null
      ],
      "/Users/vvikram/Dev/battleship/app/controllers/application_controller.rb": [
        1,
        1,
        null
      ],
      "/Users/vvikram/Dev/battleship/app/models/battle_ground.rb": [
        1,
        1,
        1,
        17,
        17,
        58,
        215,
        null,
        null,
        null,
        null
      ],
      "/Users/vvikram/Dev/battleship/app/models/battle.rb": [
        1,
        1,
        1,
        11,
        11,
        11,
        11,
        null,
        null,
        null,
        null,
        null,
        1,
        4,
        4,
        12,
        4,
        4,
        15,
        30,
        29,
        45,
        41,
        41,
        3,
        3,
        3,
        null,
        38,
        38,
        18,
        18,
        null,
        20,
        20,
        20,
        null,
        null,
        15,
        null,
        4,
        4,
        null,
        null,
        null,
        1,
        46,
        25,
        25,
        25,
        14,
        14,
        null,
        25,
        null,
        21,
        null,
        null,
        null,
        null,
        1,
        168,
        null,
        null,
        null,
        1,
        12,
        3,
        null,
        1,
        null,
        null,
        null,
        null,
        1,
        11,
        22,
        66,
        null,
        null,
        null,
        null
      ],
      "/Users/vvikram/Dev/battleship/app/models/player.rb": [
        1,
        1,
        1,
        1,
        1,
        37,
        37,
        37,
        37,
        null,
        null,
        null,
        1,
        72,
        72,
        72,
        72,
        77,
        134,
        null,
        77,
        null,
        72,
        132,
        1,
        null,
        131,
        131,
        null,
        null,
        null,
        null,
        null,
        1,
        16,
        16,
        32,
        null,
        16,
        33,
        33,
        66,
        null,
        null,
        16,
        12,
        null,
        null,
        null,
        1,
        16,
        16,
        16,
        32,
        99,
        2,
        97,
        2,
        null,
        95,
        null,
        null,
        null,
        null,
        null,
        null
      ],
      "/Users/vvikram/Dev/battleship/app/parsers/file_parser.rb": [
        1,
        1,
        null,
        1,
        9,
        9,
        9,
        9,
        5,
        null,
        null,
        1,
        null,
        null,
        1,
        9,
        7,
        5,
        null,
        null,
        null,
        1,
        9,
        9,
        9,
        9,
        9,
        9,
        9,
        18,
        null,
        null,
        null,
        null,
        null,
        1,
        9,
        1,
        null,
        8,
        null,
        null,
        1,
        7,
        6,
        6,
        null,
        null,
        null,
        1,
        7,
        7,
        7,
        1,
        null,
        null,
        null,
        null,
        1,
        6,
        6,
        0,
        null,
        null,
        null,
        null,
        1,
        6,
        12,
        null,
        12,
        1,
        null,
        null,
        null,
        null,
        null,
        1,
        5,
        11,
        null,
        null,
        null,
        1,
        11,
        11,
        11,
        11,
        null,
        null
      ],
      "/Users/vvikram/Dev/battleship/app/channels/application_cable/channel.rb": [
        0,
        0,
        0,
        0
      ],
      "/Users/vvikram/Dev/battleship/app/channels/application_cable/connection.rb": [
        0,
        0,
        0,
        0
      ],
      "/Users/vvikram/Dev/battleship/app/jobs/application_job.rb": [
        0,
        0
      ],
      "/Users/vvikram/Dev/battleship/app/mailers/application_mailer.rb": [
        0,
        0,
        0,
        0
      ]
    },
    "timestamp": 1491290636
  }
}
