{
  "RSpec": {
    "coverage": {
      "/Users/vvikram/Dev/battleship/app/helpers/application_helper.rb": [
        1,
        null
      ],
      "/Users/vvikram/Dev/battleship/app/helpers/home_helper.rb": [
        1,
        null
      ],
      "/Users/vvikram/Dev/battleship/app/controllers/home_controller.rb": [
        1,
        1,
        null,
        null,
        1,
        0,
        0,
        0,
        0,
        0,
        null,
        0,
        0,
        0,
        0,
        0,
        null,
        0,
        0,
        null,
        null
      ],
      "/Users/vvikram/Dev/battleship/app/controllers/application_controller.rb": [
        1,
        1,
        null
      ],
      "/Users/vvikram/Dev/battleship/app/channels/application_cable/channel.rb": [
        0,
        0,
        0,
        0
      ],
      "/Users/vvikram/Dev/battleship/app/channels/application_cable/connection.rb": [
        0,
        0,
        0,
        0
      ],
      "/Users/vvikram/Dev/battleship/app/jobs/application_job.rb": [
        0,
        0
      ],
      "/Users/vvikram/Dev/battleship/app/mailers/application_mailer.rb": [
        0,
        0,
        0,
        0
      ],
      "/Users/vvikram/Dev/battleship/app/models/battle.rb": [
        0,
        0,
        0,
        0,
        0,
        0,
        0,
        0,
        0,
        0,
        0,
        0,
        0,
        0,
        0,
        0,
        0,
        0,
        0,
        0,
        0,
        0,
        0,
        0,
        0,
        0,
        0,
        0,
        0,
        0,
        0,
        0,
        0,
        0,
        0,
        0,
        0,
        0,
        0,
        0,
        0,
        0,
        0,
        0,
        0,
        0,
        0,
        0,
        0,
        0,
        0,
        0,
        0,
        0,
        0,
        0,
        0,
        0,
        0,
        0,
        0,
        0,
        0,
        0,
        0,
        0,
        0,
        0,
        0,
        0,
        0,
        0,
        0,
        0,
        0,
        0,
        0,
        0,
        0,
        0,
        0,
        0
      ],
      "/Users/vvikram/Dev/battleship/app/models/battle_ground.rb": [
        0,
        0,
        0,
        0,
        0,
        0,
        0,
        0,
        0,
        0,
        0
      ],
      "/Users/vvikram/Dev/battleship/app/models/player.rb": [
        0,
        0,
        0,
        0,
        0,
        0,
        0,
        0,
        0,
        0,
        0,
        0,
        0,
        0,
        0,
        0,
        0,
        0,
        0,
        0,
        0,
        0,
        0,
        0,
        0,
        0,
        0,
        0,
        0,
        0,
        0,
        0,
        0,
        0,
        0,
        0,
        0,
        0,
        0,
        0,
        0,
        0,
        0,
        0,
        0,
        0,
        0,
        0,
        0,
        0,
        0,
        0,
        0,
        0,
        0,
        0,
        0,
        0,
        0,
        0,
        0,
        0,
        0,
        0,
        0,
        0
      ],
      "/Users/vvikram/Dev/battleship/app/parsers/file_parser.rb": [
        0,
        0,
        0,
        0,
        0,
        0,
        0,
        0,
        0,
        0,
        0,
        0,
        0,
        0,
        0,
        0,
        0,
        0,
        0,
        0,
        0,
        0,
        0,
        0,
        0,
        0,
        0,
        0,
        0,
        0,
        0,
        0,
        0,
        0,
        0,
        0,
        0,
        0,
        0,
        0,
        0,
        0,
        0,
        0,
        0,
        0,
        0,
        0,
        0,
        0,
        0,
        0,
        0,
        0,
        0,
        0,
        0,
        0,
        0,
        0,
        0,
        0,
        0,
        0,
        0,
        0,
        0,
        0,
        0,
        0,
        0,
        0,
        0,
        0,
        0,
        0,
        0,
        0,
        0,
        0,
        0,
        0,
        0,
        0,
        0,
        0,
        0,
        0,
        0,
        0
      ]
    },
    "timestamp": 1491217792
  }
}
